2018-03-08 12:29:36,020 [Worker-5] ERROR o.e.m.c.u.i.w.MavenProjectWizardArchetypePage - Unable to read archetype catalog: http://repo1.maven.org/maven2/archetype-catalog.xml
java.lang.NullPointerException: null
	at org.eclipse.m2e.core.ui.internal.wizards.MavenProjectWizardArchetypePage.getArchetypesForCatalog(MavenProjectWizardArchetypePage.java:571) [org.eclipse.m2e.core.ui_1.6.2.20150902-0002.jar:na]
	at org.eclipse.m2e.core.ui.internal.wizards.MavenProjectWizardArchetypePage.getAllArchetypes(MavenProjectWizardArchetypePage.java:597) [org.eclipse.m2e.core.ui_1.6.2.20150902-0002.jar:na]
	at org.eclipse.m2e.core.ui.internal.wizards.MavenProjectWizardArchetypePage.getArchetypesForCatalog(MavenProjectWizardArchetypePage.java:562) [org.eclipse.m2e.core.ui_1.6.2.20150902-0002.jar:na]
	at org.eclipse.m2e.core.ui.internal.wizards.MavenProjectWizardArchetypePage$RetrievingArchetypesJob.run(MavenProjectWizardArchetypePage.java:1093) [org.eclipse.m2e.core.ui_1.6.2.20150902-0002.jar:na]
	at org.eclipse.core.internal.jobs.Worker.run(Worker.java:55) [org.eclipse.core.jobs_3.7.0.v20150330-2103.jar:na]
2018-03-08 12:30:00,265 [Worker-0] ERROR o.e.m.c.u.i.w.MavenProjectWizardArchetypePage - Unable to read archetype catalog: http://repo1.maven.org/maven2/archetype-catalog.xml
java.lang.NullPointerException: null
	at org.eclipse.m2e.core.ui.internal.wizards.MavenProjectWizardArchetypePage.getArchetypesForCatalog(MavenProjectWizardArchetypePage.java:571) [org.eclipse.m2e.core.ui_1.6.2.20150902-0002.jar:na]
	at org.eclipse.m2e.core.ui.internal.wizards.MavenProjectWizardArchetypePage.getAllArchetypes(MavenProjectWizardArchetypePage.java:597) [org.eclipse.m2e.core.ui_1.6.2.20150902-0002.jar:na]
	at org.eclipse.m2e.core.ui.internal.wizards.MavenProjectWizardArchetypePage.getArchetypesForCatalog(MavenProjectWizardArchetypePage.java:562) [org.eclipse.m2e.core.ui_1.6.2.20150902-0002.jar:na]
	at org.eclipse.m2e.core.ui.internal.wizards.MavenProjectWizardArchetypePage$RetrievingArchetypesJob.run(MavenProjectWizardArchetypePage.java:1093) [org.eclipse.m2e.core.ui_1.6.2.20150902-0002.jar:na]
	at org.eclipse.core.internal.jobs.Worker.run(Worker.java:55) [org.eclipse.core.jobs_3.7.0.v20150330-2103.jar:na]
2018-03-08 12:30:33,560 [Worker-6] ERROR o.e.m.c.u.i.w.MavenProjectWizardArchetypePage - Unable to read archetype catalog: http://repo1.maven.org/maven2/archetype-catalog.xml
java.lang.NullPointerException: null
	at org.eclipse.m2e.core.ui.internal.wizards.MavenProjectWizardArchetypePage.getArchetypesForCatalog(MavenProjectWizardArchetypePage.java:571) [org.eclipse.m2e.core.ui_1.6.2.20150902-0002.jar:na]
	at org.eclipse.m2e.core.ui.internal.wizards.MavenProjectWizardArchetypePage.getAllArchetypes(MavenProjectWizardArchetypePage.java:597) [org.eclipse.m2e.core.ui_1.6.2.20150902-0002.jar:na]
	at org.eclipse.m2e.core.ui.internal.wizards.MavenProjectWizardArchetypePage.getArchetypesForCatalog(MavenProjectWizardArchetypePage.java:562) [org.eclipse.m2e.core.ui_1.6.2.20150902-0002.jar:na]
	at org.eclipse.m2e.core.ui.internal.wizards.MavenProjectWizardArchetypePage$RetrievingArchetypesJob.run(MavenProjectWizardArchetypePage.java:1093) [org.eclipse.m2e.core.ui_1.6.2.20150902-0002.jar:na]
	at org.eclipse.core.internal.jobs.Worker.run(Worker.java:55) [org.eclipse.core.jobs_3.7.0.v20150330-2103.jar:na]
